build/app/outputs/mapping/release/mapping.txt
# compiler: R8
# compiler_version: 1.5.64
# min_api: 16
# pg_map_id: 80e8eab
...
androidx.arch.core.internal.SafeIterableMap$DescendingIterator -> a.a.a.a.b$b:
    androidx.arch.core.internal.SafeIterableMap$Entry backward(androidx.arch.core.internal.SafeIterableMap$Entry) -> b
    androidx.arch.core.internal.SafeIterableMap$Entry forward(androidx.arch.core.internal.SafeIterableMap$Entry) -> c
androidx.arch.core.internal.SafeIterableMap$Entry -> a.a.a.a.b$c:
    androidx.arch.core.internal.SafeIterableMap$Entry mNext -> c
    androidx.arch.core.internal.SafeIterableMap$Entry mPrevious -> d
    java.lang.Object mValue -> b
    java.lang.Object mKey -> a
androidx.arch.core.internal.SafeIterableMap$IteratorWithAdditions -> a.a.a.a.b$d:
    androidx.arch.core.internal.SafeIterableMap$Entry mCurrent -> a
    androidx.arch.core.internal.SafeIterableMap this$0 -> c
    boolean mBeforeStart -> b
    void supportRemove(androidx.arch.core.internal.SafeIterableMap$Entry) -> a
androidx.arch.core.internal.SafeIterableMap$ListIterator -> a.a.a.a.b$e:
    androidx.arch.core.internal.SafeIterableMap$Entry mExpectedEnd -> a
    androidx.arch.core.internal.SafeIterableMap$Entry mNext -> b
    androidx.arch.core.internal.SafeIterableMap$Entry nextNode() -> a
    void supportRemove(androidx.arch.core.internal.SafeIterableMap$Entry) -> a
    androidx.arch.core.internal.SafeIterableMap$Entry backward(androidx.arch.core.internal.SafeIterableMap$Entry) -> b
    androidx.arch.core.internal.SafeIterableMap$Entry forward(androidx.arch.core.internal.SafeIterableMap$Entry) -> c
androidx.arch.core.internal.SafeIterableMap$SupportRemove -> a.a.a.a.b$f:
    void supportRemove(androidx.arch.core.internal.SafeIterableMap$Entry) -> a
androidx.collection.ArrayMap -> a.b.a:
    androidx.collection.MapCollections mCollections -> h
    androidx.collection.MapCollections getCollection() -> b
androidx.collection.ArrayMap$1 -> a.b.a$a:
    androidx.collection.ArrayMap this$0 -> d
    void colClear() -> a
    java.lang.Object colGetEntry(int,int) -> a
    int colIndexOfKey(java.lang.Object) -> a
    void colPut(java.lang.Object,java.lang.Object) -> a
    void colRemoveAt(int) -> a
    java.lang.Object colSetValue(int,java.lang.Object) -> a
    java.util.Map colGetMap() -> b
    int colIndexOfValue(java.lang.Object) -> b
    int colGetSize() -> c
androidx.collection.ContainerHelpers -> a.b.b:
    java.lang.Object[] EMPTY_OBJECTS -> b
    int[] EMPTY_INTS -> a
    int binarySearch(int[],int,int) -> a
    boolean equal(java.lang.Object,java.lang.Object) -> a
androidx.collection.MapCollections -> a.b.c:
    androidx.collection.MapCollections$KeySet mKeySet -> b
    androidx.collection.MapCollections$ValuesCollection mValues -> c
    androidx.collection.MapCollections$EntrySet mEntrySet -> a
    void colClear() -> a
    java.lang.Object colGetEntry(int,int) -> a
    int colIndexOfKey(java.lang.Object) -> a
    void colPut(java.lang.Object,java.lang.Object) -> a
    void colRemoveAt(int) -> a
    java.lang.Object colSetValue(int,java.lang.Object) -> a
    boolean containsAllHelper(java.util.Map,java.util.Collection) -> a
    boolean equalsSetHelper(java.util.Set,java.lang.Object) -> a
    java.lang.Object[] toArrayHelper(java.lang.Object[],int) -> a
    java.util.Map colGetMap() -> b
    int colIndexOfValue(java.lang.Object) -> b
    boolean removeAllHelper(java.util.Map,java.util.Collection) -> b
    java.lang.Object[] toArrayHelper(int) -> b
    int colGetSize() -> c
    boolean retainAllHelper(java.util.Map,java.util.Collection) -> c
    java.util.Set getEntrySet() -> d
    java.util.Set getKeySet() -> e
    java.util.Collection getValues() -> f
androidx.collection.MapCollections$ArrayIterator -> a.b.c$a:
    androidx.collection.MapCollections this$0 -> e
    int mSize -> b
    int mIndex -> c
    int mOffset -> a
    boolean mCanRemove -> d
androidx.collection.MapCollections$EntrySet -> a.b.c$b:
    androidx.collection.MapCollections this$0 -> a
    boolean add(java.util.Map$Entry) -> a